* About to connect() to eds-api.ebscohost.com port 443 (#0)
*   Trying 54.162.129.245...
* Connected to eds-api.ebscohost.com (54.162.129.245) port 443 (#0)
* Initializing NSS with certpath: sql:/etc/pki/nssdb
* warning: ignoring value of ssl.verifyhost
* skipping SSL peer certificate verification
* SSL connection using TLS_ECDHE_RSA_WITH_AES_128_GCM_SHA256
* Server certificate:
* 	subject: CN=*.ebscohost.com
* 	start date: Jul 03 00:00:00 2023 GMT
* 	expire date: Jul 31 23:59:59 2024 GMT
* 	common name: *.ebscohost.com
* 	issuer: CN=Amazon RSA 2048 M02,O=Amazon,C=US
> POST /Authservice/rest/UIDAuth HTTP/1.1
Host: eds-api.ebscohost.com
Accept: */*
Content-Type: application/xml
Conent-Length: 224
Content-Length: 224

* upload completely sent off: 224 out of 224 bytes
< HTTP/1.1 400 Bad Request
< Date: Wed, 12 Jul 2023 03:41:38 GMT
< Content-Type: application/xml; charset=utf-8
< Content-Length: 265
< Connection: keep-alive
< Cache-Control: private
< Server: Microsoft-IIS/10.0
< X-Aspnet-Version: 4.0.30319
< X-Powered-By: ASP.NET
< 
* Connection #0 to host eds-api.ebscohost.com left intact
